Automated daily check-in: Fri Feb 27 10:03:39 UTC 2026
Automated daily check-in: Fri Feb 27 10:11:21 UTC 2026
Automated daily check-in: Fri Feb 27 13:39:23 UTC 2026
Automated daily check-in: Sat Feb 28 13:13:01 UTC 2026
Automated daily check-in: Sun Mar  1 13:22:40 UTC 2026
Automated daily check-in: Mon Mar  2 13:40:59 UTC 2026
Automated daily check-in: Tue Mar  3 13:39:33 UTC 2026
Automated daily check-in: Wed Mar  4 13:38:04 UTC 2026
Automated daily check-in: Thu Mar  5 13:42:35 UTC 2026
Automated daily check-in: Fri Mar  6 13:35:28 UTC 2026
Automated daily check-in: Sat Mar  7 13:22:00 UTC 2026
Automated daily check-in: Sun Mar  8 13:23:19 UTC 2026
Automated daily check-in: Mon Mar  9 13:45:38 UTC 2026
Automated daily check-in: Tue Mar 10 13:43:29 UTC 2026
Automated daily check-in: Wed Mar 11 13:45:19 UTC 2026
Automated daily check-in: Thu Mar 12 13:43:04 UTC 2026
Automated daily check-in: Fri Mar 13 13:40:33 UTC 2026
Automated daily check-in: Sat Mar 14 13:28:26 UTC 2026
Automated daily check-in: Sun Mar 15 13:29:28 UTC 2026
Automated daily check-in: Mon Mar 16 13:59:31 UTC 2026
Automated daily check-in: Tue Mar 17 13:57:45 UTC 2026
Automated daily check-in: Wed Mar 18 13:59:16 UTC 2026
Automated daily check-in: Thu Mar 19 13:48:37 UTC 2026
Automated daily check-in: Fri Mar 20 13:40:52 UTC 2026
Automated daily check-in: Sat Mar 21 13:25:27 UTC 2026
Automated daily check-in: Sun Mar 22 13:27:11 UTC 2026
Automated daily check-in: Mon Mar 23 13:55:27 UTC 2026
Automated daily check-in: Tue Mar 24 13:56:51 UTC 2026
Automated daily check-in: Wed Mar 25 13:55:27 UTC 2026
Automated daily check-in: Thu Mar 26 14:06:00 UTC 2026
Automated daily check-in: Fri Mar 27 13:50:12 UTC 2026
Automated daily check-in: Sat Mar 28 13:32:55 UTC 2026
Automated daily check-in: Sun Mar 29 13:34:28 UTC 2026
Automated daily check-in: Mon Mar 30 14:10:00 UTC 2026
Automated daily check-in: Tue Mar 31 14:08:33 UTC 2026
Automated daily check-in: Wed Apr  1 14:11:40 UTC 2026
Automated daily check-in: Thu Apr  2 14:03:21 UTC 2026
Automated daily check-in: Fri Apr  3 13:43:18 UTC 2026
Automated daily check-in: Sat Apr  4 13:34:45 UTC 2026
Automated daily check-in: Sun Apr  5 13:35:58 UTC 2026
Automated daily check-in: Mon Apr  6 13:52:26 UTC 2026
Automated daily check-in: Tue Apr  7 14:08:38 UTC 2026
Automated daily check-in: Wed Apr  8 14:09:56 UTC 2026
Automated daily check-in: Thu Apr  9 14:20:53 UTC 2026
Automated daily check-in: Fri Apr 10 13:55:15 UTC 2026
Automated daily check-in: Sat Apr 11 13:37:18 UTC 2026
Automated daily check-in: Sun Apr 12 13:40:36 UTC 2026
Automated daily check-in: Mon Apr 13 14:14:32 UTC 2026
Automated daily check-in: Tue Apr 14 14:18:34 UTC 2026
Automated daily check-in: Wed Apr 15 14:10:44 UTC 2026
Automated daily check-in: Thu Apr 16 14:20:21 UTC 2026
Automated daily check-in: Fri Apr 17 14:03:15 UTC 2026
Automated daily check-in: Sat Apr 18 13:41:39 UTC 2026
Automated daily check-in: Sun Apr 19 13:40:09 UTC 2026
Automated daily check-in: Mon Apr 20 14:19:34 UTC 2026
Automated daily check-in: Tue Apr 21 14:15:47 UTC 2026
Automated daily check-in: Wed Apr 22 14:16:07 UTC 2026
Automated daily check-in: Thu Apr 23 14:19:06 UTC 2026
Automated daily check-in: Fri Apr 24 14:13:48 UTC 2026
Automated daily check-in: Sat Apr 25 13:44:06 UTC 2026
Automated daily check-in: Sun Apr 26 13:46:50 UTC 2026
Automated daily check-in: Mon Apr 27 14:34:17 UTC 2026
Automated daily check-in: Tue Apr 28 15:04:25 UTC 2026
Automated daily check-in: Wed Apr 29 14:38:57 UTC 2026
Automated daily check-in: Thu Apr 30 14:34:51 UTC 2026
Automated daily check-in: Fri May  1 14:00:35 UTC 2026
Automated daily check-in: Sat May  2 13:53:31 UTC 2026
Automated daily check-in: Sun May  3 13:54:16 UTC 2026
Automated daily check-in: Mon May  4 14:38:40 UTC 2026
Automated daily check-in: Wed May  6 15:11:31 UTC 2026
Automated daily check-in: Thu May  7 15:13:58 UTC 2026
Automated daily check-in: Fri May  8 14:23:17 UTC 2026
Automated daily check-in: Sat May  9 13:59:00 UTC 2026
Automated daily check-in: Sun May 10 14:00:20 UTC 2026
Automated daily check-in: Mon May 11 15:44:13 UTC 2026
Automated daily check-in: Tue May 12 15:22:07 UTC 2026
Automated daily check-in: Wed May 13 15:24:56 UTC 2026
Automated daily check-in: Thu May 14 15:06:36 UTC 2026
Automated daily check-in: Fri May 15 15:00:37 UTC 2026
Automated daily check-in: Sat May 16 14:05:37 UTC 2026
Automated daily check-in: Sun May 17 14:05:22 UTC 2026
Automated daily check-in: Mon May 18 16:02:41 UTC 2026
Automated daily check-in: Tue May 19 15:58:11 UTC 2026
Automated daily check-in: Wed May 20 16:06:00 UTC 2026
Automated daily check-in: Thu May 21 15:57:11 UTC 2026
Automated daily check-in: Fri May 22 15:35:27 UTC 2026
Automated daily check-in: Sat May 23 14:09:08 UTC 2026
Automated daily check-in: Sun May 24 14:08:33 UTC 2026
Automated daily check-in: Mon May 25 15:37:16 UTC 2026
Automated daily check-in: Tue May 26 16:25:56 UTC 2026
Automated daily check-in: Wed May 27 16:23:28 UTC 2026
Automated daily check-in: Thu May 28 16:38:02 UTC 2026
Automated daily check-in: Fri May 29 16:23:04 UTC 2026
Automated daily check-in: Sat May 30 14:14:17 UTC 2026
Automated daily check-in: Sun May 31 14:18:09 UTC 2026
Automated daily check-in: Mon Jun  1 18:23:39 UTC 2026
Automated daily check-in: Tue Jun  2 17:02:23 UTC 2026
Automated daily check-in: Wed Jun  3 17:26:43 UTC 2026
Automated daily check-in: Thu Jun  4 15:59:50 UTC 2026
Automated daily check-in: Fri Jun  5 15:35:04 UTC 2026
Automated daily check-in: Sat Jun  6 14:16:36 UTC 2026
Automated daily check-in: Sun Jun  7 14:28:42 UTC 2026
Automated daily check-in: Mon Jun  8 16:34:56 UTC 2026
Automated daily check-in: Tue Jun  9 15:39:32 UTC 2026
Automated daily check-in: Wed Jun 10 16:21:57 UTC 2026
Automated daily check-in: Thu Jun 11 16:36:23 UTC 2026
Automated daily check-in: Fri Jun 12 15:47:29 UTC 2026
Automated daily check-in: Sat Jun 13 14:38:36 UTC 2026
Automated daily check-in: Sun Jun 14 14:42:15 UTC 2026
Automated daily check-in: Mon Jun 15 17:32:15 UTC 2026
Automated daily check-in: Tue Jun 16 17:32:54 UTC 2026
Automated daily check-in: Wed Jun 17 16:23:18 UTC 2026
Automated daily check-in: Thu Jun 18 15:59:44 UTC 2026
Automated daily check-in: Fri Jun 19 15:48:47 UTC 2026
Automated daily check-in: Sat Jun 20 14:41:36 UTC 2026
Automated daily check-in: Sun Jun 21 14:55:28 UTC 2026
Automated daily check-in: Mon Jun 22 17:15:12 UTC 2026
Automated daily check-in: Tue Jun 23 15:34:44 UTC 2026
Automated daily check-in: Wed Jun 24 15:18:59 UTC 2026
Automated daily check-in: Thu Jun 25 15:23:53 UTC 2026
Automated daily check-in: Fri Jun 26 15:11:19 UTC 2026
Automated daily check-in: Sat Jun 27 14:13:26 UTC 2026
Automated daily check-in: Sun Jun 28 14:23:34 UTC 2026
Automated daily check-in: Mon Jun 29 16:24:21 UTC 2026
Automated daily check-in: Tue Jun 30 15:12:08 UTC 2026
Automated daily check-in: Wed Jul  1 15:19:22 UTC 2026
Automated daily check-in: Thu Jul  2 14:40:22 UTC 2026
Automated daily check-in: Fri Jul  3 14:51:24 UTC 2026
Automated daily check-in: Sat Jul  4 14:09:51 UTC 2026
Automated daily check-in: Sun Jul  5 14:16:52 UTC 2026
Automated daily check-in: Mon Jul  6 16:00:37 UTC 2026
Automated daily check-in: Tue Jul  7 15:25:53 UTC 2026
Automated daily check-in: Wed Jul  8 14:56:12 UTC 2026
Automated daily check-in: Thu Jul  9 15:41:18 UTC 2026
Automated daily check-in: Fri Jul 10 15:12:52 UTC 2026
Automated daily check-in: Sat Jul 11 14:00:55 UTC 2026
Automated daily check-in: Sun Jul 12 14:04:57 UTC 2026
Automated daily check-in: Mon Jul 13 15:22:29 UTC 2026
Automated daily check-in: Tue Jul 14 14:24:54 UTC 2026
Automated daily check-in: Wed Jul 15 14:19:54 UTC 2026
Automated daily check-in: Thu Jul 16 14:32:52 UTC 2026
Automated daily check-in: Fri Jul 17 14:12:42 UTC 2026
Automated daily check-in: Sat Jul 18 13:57:20 UTC 2026
Automated daily check-in: Sun Jul 19 14:01:57 UTC 2026
Automated daily check-in: Mon Jul 20 14:38:55 UTC 2026
Automated daily check-in: Tue Jul 21 14:34:49 UTC 2026
Automated daily check-in: Wed Jul 22 14:34:20 UTC 2026
Automated daily check-in: Thu Jul 23 14:41:04 UTC 2026
